<?xml version="1.0" encoding="UTF-8"?>
<robot generator="Robot 3.1.1 (Python 3.6.8 on linux)" generated="20190912 05:41:23.970" rpa="false">
<suite id="s1" name="User" source="/home/wm/code/py3/robot1/user">
<suite id="s1-s1" name="User" source="/home/wm/code/py3/robot1/user/user.robot">
<test id="s1-s1-t1" name="Check User">
<kw name="Mylog" library="global">
<arguments>
<arg>check user</arg>
</arguments>
<kw name="Log To Console" library="BuiltIn">
<doc>Logs the given message to the console.</doc>
<arguments>
<arg>${log}</arg>
</arguments>
<status status="PASS" starttime="20190912 05:41:24.014" endtime="20190912 05:41:24.014"></status>
</kw>
<status status="PASS" starttime="20190912 05:41:24.013" endtime="20190912 05:41:24.014"></status>
</kw>
<status status="PASS" starttime="20190912 05:41:24.011" endtime="20190912 05:41:24.014" critical="yes"></status>
</test>
<test id="s1-s1-t2" name="Add User">
<kw name="Mylog" library="global">
<arguments>
<arg>new user</arg>
</arguments>
<kw name="Log To Console" library="BuiltIn">
<doc>Logs the given message to the console.</doc>
<arguments>
<arg>${log}</arg>
</arguments>
<status status="PASS" starttime="20190912 05:41:24.015" endtime="20190912 05:41:24.016"></status>
</kw>
<status status="PASS" starttime="20190912 05:41:24.015" endtime="20190912 05:41:24.016"></status>
</kw>
<status status="PASS" starttime="20190912 05:41:24.015" endtime="20190912 05:41:24.016" critical="yes"></status>
</test>
<status status="PASS" starttime="20190912 05:41:24.009" endtime="20190912 05:41:24.017"></status>
</suite>
<status status="PASS" starttime="20190912 05:41:23.971" endtime="20190912 05:41:24.018"></status>
</suite>
<statistics>
<total>
<stat pass="2" fail="0">Critical Tests</stat>
<stat pass="2" fail="0">All Tests</stat>
</total>
<tag>
</tag>
<suite>
<stat pass="2" fail="0" id="s1" name="User">User</stat>
<stat pass="2" fail="0" id="s1-s1" name="User">User.User</stat>
</suite>
</statistics>
<errors>
<msg timestamp="20190912 05:41:23.966" level="ERROR">Error in file '/home/wm/code/py3/robot1/user/__init__.robot': Non-existing setting 'Suit setup'.</msg>
<msg timestamp="20190912 05:41:23.966" level="ERROR">Error in file '/home/wm/code/py3/robot1/user/user.robot': Non-existing setting 'Suit setup'.</msg>
<msg timestamp="20190912 05:41:23.967" level="ERROR">Error in file '/home/wm/code/py3/robot1/user/user.robot': Invalid syntax in keyword 'Get User Info': Non-existing setting 'Documents'.</msg>
</errors>
</robot>
